Importer Log Report
Document: Q:\Git\XT_Wonder\KiCAD\isa_svga.kicad_sch
    Section : Loading Schematic - Q:\Git\XT_Wonder\KiCAD\isa_svga.kicad_sch
        Warning: Unknown child uuid of no_connect.
        Warning: Unknown child uuid of no_connect.
        Warning: Unknown child uuid of no_connect.
        Warning: Unknown child uuid of no_connect.
        Warning: Unknown child uuid of no_connect.
        Warning: Unknown child uuid of no_connect.
        Warning: Unknown child uuid of no_connect.
        Warning: Unknown child uuid of no_connect.
        Warning: Unknown child uuid of no_connect.
        Warning: Unknown child uuid of no_connect.
        Warning: Unknown child uuid of no_connect.
        Warning: Unknown child uuid of no_connect.
        Warning: Unknown child uuid of no_connect.
        Warning: Unknown child uuid of no_connect.
        Warning: Unknown child uuid of no_connect.
        Warning: Unknown child uuid of no_connect.
        Warning: Unknown child uuid of no_connect.
        Warning: Unknown child uuid of no_connect.
        Warning: Unknown child uuid of no_connect.
        Warning: Unknown child uuid of no_connect.
        Warning: Unknown child uuid of no_connect.
        Warning: Unknown child uuid of no_connect.
        Warning: Unknown child uuid of no_connect.
        Warning: Unknown child uuid of no_connect.
        Warning: Unknown child uuid of no_connect.
        Warning: Unknown child uuid of no_connect.
        Warning: Unknown child uuid of no_connect.
        Warning: Unknown child uuid of no_connect.
        Warning: Unknown child uuid of no_connect.
        Warning: Unknown child uuid of no_connect.
        Warning: Unknown child uuid of no_connect.
        Warning: Unknown child uuid of no_connect.
        Warning: Unknown child uuid of no_connect.
        Warning: Unknown child uuid of no_connect.
        Warning: Unknown child uuid of no_connect.
        Warning: Unknown child uuid of no_connect.
        Warning: Unknown child uuid of no_connect.
        Warning: Unknown child uuid of no_connect.
        Warning: Unknown child uuid of no_connect.
        Warning: Unknown child uuid of no_connect.
        Warning: Unknown child uuid of no_connect.
        Warning: Unknown child uuid of no_connect.
        Warning: Unknown child uuid of no_connect.
        Warning: Unknown child uuid of no_connect.
        Warning: Unknown child uuid of no_connect.
        Warning: Unknown child uuid of no_connect.
        Warning: Unknown child uuid of no_connect.
        Warning: Unknown child uuid of no_connect.
        Warning: Unknown child uuid of no_connect.
        Warning: Unknown child uuid of no_connect.
    EndSection
    Section : Loading Schematic - Q:\Git\XT_Wonder\KiCAD\isa_svga.kicad_sch
        Warning: Unknown child uuid of no_connect.
        Warning: Unknown child uuid of no_connect.
        Warning: Unknown child uuid of no_connect.
        Warning: Unknown child uuid of no_connect.
        Warning: Unknown child uuid of no_connect.
        Warning: Unknown child uuid of no_connect.
        Warning: Unknown child uuid of no_connect.
        Warning: Unknown child uuid of no_connect.
        Warning: Unknown child uuid of no_connect.
        Warning: Unknown child uuid of no_connect.
        Warning: Unknown child uuid of no_connect.
        Warning: Unknown child uuid of no_connect.
        Warning: Unknown child uuid of no_connect.
        Warning: Unknown child uuid of no_connect.
        Warning: Unknown child uuid of no_connect.
        Warning: Unknown child uuid of no_connect.
        Warning: Unknown child uuid of no_connect.
        Warning: Unknown child uuid of no_connect.
        Warning: Unknown child uuid of no_connect.
        Warning: Unknown child uuid of no_connect.
        Warning: Unknown child uuid of no_connect.
        Warning: Unknown child uuid of no_connect.
        Warning: Unknown child uuid of no_connect.
        Warning: Unknown child uuid of no_connect.
        Warning: Unknown child uuid of no_connect.
        Warning: Unknown child uuid of no_connect.
        Warning: Unknown child uuid of no_connect.
        Warning: Unknown child uuid of no_connect.
        Warning: Unknown child uuid of no_connect.
        Warning: Unknown child uuid of no_connect.
        Warning: Unknown child uuid of no_connect.
        Warning: Unknown child uuid of no_connect.
        Warning: Unknown child uuid of no_connect.
        Warning: Unknown child uuid of no_connect.
        Warning: Unknown child uuid of no_connect.
        Warning: Unknown child uuid of no_connect.
        Warning: Unknown child uuid of no_connect.
        Warning: Unknown child uuid of no_connect.
        Warning: Unknown child uuid of no_connect.
        Warning: Unknown child uuid of no_connect.
        Warning: Unknown child uuid of no_connect.
        Warning: Unknown child uuid of no_connect.
        Warning: Unknown child uuid of no_connect.
        Warning: Unknown child uuid of no_connect.
        Warning: Unknown child uuid of no_connect.
        Warning: Unknown child uuid of no_connect.
        Warning: Unknown child uuid of no_connect.
        Warning: Unknown child uuid of no_connect.
        Warning: Unknown child uuid of no_connect.
        Warning: Unknown child uuid of no_connect.
    EndSection
