Added Component: Designator=BUS1(Conn_Bus_ISA8)
Add component (AddParameter): Name = "Value"; Value = "BUSPC_DEV"; VariantName = "[No Variations]"
Added Pin To Net: NetName=GND Pin=BUS1-1
Added Pin To Net: NetName=RESET Pin=BUS1-2
Added Pin To Net: NetName=VCC Pin=BUS1-3
Added Pin To Net: NetName=DRQ2 Pin=BUS1-6
Added Pin To Net: NetName=-12 Pin=BUS1-7
Added Pin To Net: NetName=+12 Pin=BUS1-9
Added Pin To Net: NetName=GND Pin=BUS1-10
Added Pin To Net: NetName=nMEMW Pin=BUS1-11
Added Pin To Net: NetName=nMEMR Pin=BUS1-12
Added Pin To Net: NetName=nIOW Pin=BUS1-13
Added Pin To Net: NetName=nIOR Pin=BUS1-14
Added Pin To Net: NetName=nREFRESH Pin=BUS1-19
Added Pin To Net: NetName=IRQ7 Pin=BUS1-21
Added Pin To Net: NetName=IRQ6 Pin=BUS1-22
Added Pin To Net: NetName=IRQ5 Pin=BUS1-23
Added Pin To Net: NetName=IRQ4 Pin=BUS1-24
Added Pin To Net: NetName=IRQ3 Pin=BUS1-25
Added Pin To Net: NetName=nDACK2 Pin=BUS1-26
Added Pin To Net: NetName=TC Pin=BUS1-27
Added Pin To Net: NetName=VCC Pin=BUS1-29
Added Pin To Net: NetName=OSC Pin=BUS1-30
Added Pin To Net: NetName=GND Pin=BUS1-31
Added Pin To Net: NetName=nIOCHCK Pin=BUS1-32
Added Pin To Net: NetName=D7 Pin=BUS1-33
Added Pin To Net: NetName=D6 Pin=BUS1-34
Added Pin To Net: NetName=D5 Pin=BUS1-35
Added Pin To Net: NetName=D4 Pin=BUS1-36
Added Pin To Net: NetName=D3 Pin=BUS1-37
Added Pin To Net: NetName=D2 Pin=BUS1-38
Added Pin To Net: NetName=D1 Pin=BUS1-39
Added Pin To Net: NetName=D0 Pin=BUS1-40
Added Pin To Net: NetName=IOCHRDY Pin=BUS1-41
Added Pin To Net: NetName=AEN Pin=BUS1-42
Added Pin To Net: NetName=A19 Pin=BUS1-43
Added Pin To Net: NetName=A18 Pin=BUS1-44
Added Pin To Net: NetName=A17 Pin=BUS1-45
Added Pin To Net: NetName=A16 Pin=BUS1-46
Added Pin To Net: NetName=A15 Pin=BUS1-47
Added Pin To Net: NetName=A14 Pin=BUS1-48
Added Pin To Net: NetName=A13 Pin=BUS1-49
Added Pin To Net: NetName=A12 Pin=BUS1-50
Added Pin To Net: NetName=A11 Pin=BUS1-51
Added Pin To Net: NetName=A10 Pin=BUS1-52
Added Pin To Net: NetName=A9 Pin=BUS1-53
Added Pin To Net: NetName=A8 Pin=BUS1-54
Added Pin To Net: NetName=A7 Pin=BUS1-55
Added Pin To Net: NetName=A6 Pin=BUS1-56
Added Pin To Net: NetName=A5 Pin=BUS1-57
Added Pin To Net: NetName=A4 Pin=BUS1-58
Added Pin To Net: NetName=A3 Pin=BUS1-59
Added Pin To Net: NetName=A2 Pin=BUS1-60
Added Pin To Net: NetName=A1 Pin=BUS1-61
Added Pin To Net: NetName=A0 Pin=BUS1-62
Added Member To Class: ClassName=SixPak Ultra Member=Component BUS1 BUSPC_DEV
